<?xml version="1.0" encoding="UTF-8"?>
<!-- Generated by org.testng.reporters.JUnitReportReporter -->
<testsuite hostname="DESKTOP-7ACROHK" failures="0" tests="1" name="com.amazonautomation.tc.TestLearn" time="130.624" errors="0" timestamp="2022-05-11T07:38:34 IST" skipped="0">
  <testcase classname="com.amazonautomation.tc.TestLearn" name="amazonAutomation" time="130.624"/>
  <system-out>
    <![CDATA[Element is entered mrf bat
search icon is clicked
product is selected 
buynow is clicked  
element searched mrf bat]]>
  </system-out>
</testsuite> <!-- com.amazonautomation.tc.TestLearn -->
